Collecting git+https://github.com/facebookresearch/segment-anything.git (from -r TP1/requirements.txt (line 5))
  Cloning https://github.com/facebookresearch/segment-anything.git to /tmp/pip-req-build-imup6dyf
  Running command git clone --filter=blob:none --quiet https://github.com/facebookresearch/segment-anything.git /tmp/pip-req-build-imup6dyf
  Resolved https://github.com/facebookresearch/segment-anything.git to commit dca509fe793f601edb92606367a655c15ac00fdf
  Installing build dependencies: started
  Installing build dependencies: finished with status 'done'
  Getting requirements to build wheel: started
  Getting requirements to build wheel: finished with status 'done'
  Preparing metadata (pyproject.toml): started
  Preparing metadata (pyproject.toml): finished with status 'done'
Requirement already satisfied: streamlit in /mnt/hdd/homes/agalstian/miniconda3/lib/python3.13/site-packages (from -r TP1/requirements.txt (line 1)) (1.54.0)
Requirement already satisfied: opencv-python in /mnt/hdd/homes/agalstian/miniconda3/lib/python3.13/site-packages (from -r TP1/requirements.txt (line 2)) (4.13.0.92)
Requirement already satisfied: numpy in /mnt/hdd/homes/agalstian/miniconda3/lib/python3.13/site-packages (from -r TP1/requirements.txt (line 3)) (2.4.1)
Requirement already satisfied: matplotlib in /mnt/hdd/homes/agalstian/miniconda3/lib/python3.13/site-packages (from -r TP1/requirements.txt (line 4)) (3.10.8)
Requirement already satisfied: altair!=5.4.0,!=5.4.1,<7,>=4.0 in /mnt/hdd/homes/agalstian/miniconda3/lib/python3.13/site-packages (from streamlit->-r TP1/requirements.txt (line 1)) (6.0.0)
Requirement already satisfied: blinker<2,>=1.5.0 in /mnt/hdd/homes/agalstian/miniconda3/lib/python3.13/site-packages (from streamlit->-r TP1/requirements.txt (line 1)) (1.9.0)
Requirement already satisfied: cachetools<7,>=5.5 in /mnt/hdd/homes/agalstian/miniconda3/lib/python3.13/site-packages (from streamlit->-r TP1/requirements.txt (line 1)) (6.2.6)
Requirement already satisfied: click<9,>=7.0 in /mnt/hdd/homes/agalstian/miniconda3/lib/python3.13/site-packages (from streamlit->-r TP1/requirements.txt (line 1)) (8.2.1)
Requirement already satisfied: gitpython!=3.1.19,<4,>=3.0.7 in /mnt/hdd/homes/agalstian/miniconda3/lib/python3.13/site-packages (from streamlit->-r TP1/requirements.txt (line 1)) (3.1.46)
Requirement already satisfied: packaging>=20 in /mnt/hdd/homes/agalstian/miniconda3/lib/python3.13/site-packages (from streamlit->-r TP1/requirements.txt (line 1)) (25.0)
Requirement already satisfied: pandas<3,>=1.4.0 in /mnt/hdd/homes/agalstian/miniconda3/lib/python3.13/site-packages (from streamlit->-r TP1/requirements.txt (line 1)) (2.3.3)
Requirement already satisfied: pillow<13,>=7.1.0 in /mnt/hdd/homes/agalstian/miniconda3/lib/python3.13/site-packages (from streamlit->-r TP1/requirements.txt (line 1)) (12.1.0)
Requirement already satisfied: pydeck<1,>=0.8.0b4 in /mnt/hdd/homes/agalstian/miniconda3/lib/python3.13/site-packages (from streamlit->-r TP1/requirements.txt (line 1)) (0.9.1)
Requirement already satisfied: protobuf<7,>=3.20 in /mnt/hdd/homes/agalstian/miniconda3/lib/python3.13/site-packages (from streamlit->-r TP1/requirements.txt (line 1)) (6.33.4)
Requirement already satisfied: pyarrow>=7.0 in /mnt/hdd/homes/agalstian/miniconda3/lib/python3.13/site-packages (from streamlit->-r TP1/requirements.txt (line 1)) (23.0.0)
Requirement already satisfied: requests<3,>=2.27 in /mnt/hdd/homes/agalstian/miniconda3/lib/python3.13/site-packages (from streamlit->-r TP1/requirements.txt (line 1)) (2.32.5)
Requirement already satisfied: tenacity<10,>=8.1.0 in /mnt/hdd/homes/agalstian/miniconda3/lib/python3.13/site-packages (from streamlit->-r TP1/requirements.txt (line 1)) (9.1.4)
Requirement already satisfied: toml<2,>=0.10.1 in /mnt/hdd/homes/agalstian/miniconda3/lib/python3.13/site-packages (from streamlit->-r TP1/requirements.txt (line 1)) (0.10.2)
Requirement already satisfied: tornado!=6.5.0,<7,>=6.0.3 in /mnt/hdd/homes/agalstian/miniconda3/lib/python3.13/site-packages (from streamlit->-r TP1/requirements.txt (line 1)) (6.5.4)
Requirement already satisfied: typing-extensions<5,>=4.10.0 in /mnt/hdd/homes/agalstian/miniconda3/lib/python3.13/site-packages (from streamlit->-r TP1/requirements.txt (line 1)) (4.15.0)
Requirement already satisfied: watchdog<7,>=2.1.5 in /mnt/hdd/homes/agalstian/miniconda3/lib/python3.13/site-packages (from streamlit->-r TP1/requirements.txt (line 1)) (6.0.0)
Requirement already satisfied: jinja2 in /mnt/hdd/homes/agalstian/miniconda3/lib/python3.13/site-packages (from altair!=5.4.0,!=5.4.1,<7,>=4.0->streamlit->-r TP1/requirements.txt (line 1)) (3.1.6)
Requirement already satisfied: jsonschema>=3.0 in /mnt/hdd/homes/agalstian/miniconda3/lib/python3.13/site-packages (from altair!=5.4.0,!=5.4.1,<7,>=4.0->streamlit->-r TP1/requirements.txt (line 1)) (4.26.0)
Requirement already satisfied: narwhals>=1.27.1 in /mnt/hdd/homes/agalstian/miniconda3/lib/python3.13/site-packages (from altair!=5.4.0,!=5.4.1,<7,>=4.0->streamlit->-r TP1/requirements.txt (line 1)) (2.16.0)
Requirement already satisfied: gitdb<5,>=4.0.1 in /mnt/hdd/homes/agalstian/miniconda3/lib/python3.13/site-packages (from gitpython!=3.1.19,<4,>=3.0.7->streamlit->-r TP1/requirements.txt (line 1)) (4.0.12)
Requirement already satisfied: smmap<6,>=3.0.1 in /mnt/hdd/homes/agalstian/miniconda3/lib/python3.13/site-packages (from gitdb<5,>=4.0.1->gitpython!=3.1.19,<4,>=3.0.7->streamlit->-r TP1/requirements.txt (line 1)) (5.0.2)
Requirement already satisfied: python-dateutil>=2.8.2 in /mnt/hdd/homes/agalstian/miniconda3/lib/python3.13/site-packages (from pandas<3,>=1.4.0->streamlit->-r TP1/requirements.txt (line 1)) (2.9.0.post0)
Requirement already satisfied: pytz>=2020.1 in /mnt/hdd/homes/agalstian/miniconda3/lib/python3.13/site-packages (from pandas<3,>=1.4.0->streamlit->-r TP1/requirements.txt (line 1)) (2025.2)
Requirement already satisfied: tzdata>=2022.7 in /mnt/hdd/homes/agalstian/miniconda3/lib/python3.13/site-packages (from pandas<3,>=1.4.0->streamlit->-r TP1/requirements.txt (line 1)) (2025.3)
Requirement already satisfied: charset_normalizer<4,>=2 in /mnt/hdd/homes/agalstian/miniconda3/lib/python3.13/site-packages (from requests<3,>=2.27->streamlit->-r TP1/requirements.txt (line 1)) (3.4.4)
Requirement already satisfied: idna<4,>=2.5 in /mnt/hdd/homes/agalstian/miniconda3/lib/python3.13/site-packages (from requests<3,>=2.27->streamlit->-r TP1/requirements.txt (line 1)) (3.11)
Requirement already satisfied: urllib3<3,>=1.21.1 in /mnt/hdd/homes/agalstian/miniconda3/lib/python3.13/site-packages (from requests<3,>=2.27->streamlit->-r TP1/requirements.txt (line 1)) (2.6.1)
Requirement already satisfied: certifi>=2017.4.17 in /mnt/hdd/homes/agalstian/miniconda3/lib/python3.13/site-packages (from requests<3,>=2.27->streamlit->-r TP1/requirements.txt (line 1)) (2025.11.12)
Requirement already satisfied: contourpy>=1.0.1 in /mnt/hdd/homes/agalstian/miniconda3/lib/python3.13/site-packages (from matplotlib->-r TP1/requirements.txt (line 4)) (1.3.3)
Requirement already satisfied: cycler>=0.10 in /mnt/hdd/homes/agalstian/miniconda3/lib/python3.13/site-packages (from matplotlib->-r TP1/requirements.txt (line 4)) (0.12.1)
Requirement already satisfied: fonttools>=4.22.0 in /mnt/hdd/homes/agalstian/miniconda3/lib/python3.13/site-packages (from matplotlib->-r TP1/requirements.txt (line 4)) (4.61.1)
Requirement already satisfied: kiwisolver>=1.3.1 in /mnt/hdd/homes/agalstian/miniconda3/lib/python3.13/site-packages (from matplotlib->-r TP1/requirements.txt (line 4)) (1.4.9)
Requirement already satisfied: pyparsing>=3 in /mnt/hdd/homes/agalstian/miniconda3/lib/python3.13/site-packages (from matplotlib->-r TP1/requirements.txt (line 4)) (3.3.2)
Requirement already satisfied: MarkupSafe>=2.0 in /mnt/hdd/homes/agalstian/miniconda3/lib/python3.13/site-packages (from jinja2->altair!=5.4.0,!=5.4.1,<7,>=4.0->streamlit->-r TP1/requirements.txt (line 1)) (3.0.3)
Requirement already satisfied: attrs>=22.2.0 in /mnt/hdd/homes/agalstian/miniconda3/lib/python3.13/site-packages (from jsonschema>=3.0->altair!=5.4.0,!=5.4.1,<7,>=4.0->streamlit->-r TP1/requirements.txt (line 1)) (25.4.0)
Requirement already satisfied: jsonschema-specifications>=2023.03.6 in /mnt/hdd/homes/agalstian/miniconda3/lib/python3.13/site-packages (from jsonschema>=3.0->altair!=5.4.0,!=5.4.1,<7,>=4.0->streamlit->-r TP1/requirements.txt (line 1)) (2025.9.1)
Requirement already satisfied: referencing>=0.28.4 in /mnt/hdd/homes/agalstian/miniconda3/lib/python3.13/site-packages (from jsonschema>=3.0->altair!=5.4.0,!=5.4.1,<7,>=4.0->streamlit->-r TP1/requirements.txt (line 1)) (0.37.0)
Requirement already satisfied: rpds-py>=0.25.0 in /mnt/hdd/homes/agalstian/miniconda3/lib/python3.13/site-packages (from jsonschema>=3.0->altair!=5.4.0,!=5.4.1,<7,>=4.0->streamlit->-r TP1/requirements.txt (line 1)) (0.30.0)
Requirement already satisfied: six>=1.5 in /mnt/hdd/homes/agalstian/miniconda3/lib/python3.13/site-packages (from python-dateutil>=2.8.2->pandas<3,>=1.4.0->streamlit->-r TP1/requirements.txt (line 1)) (1.17.0)
